Unity Editor version:    2020.3.25f1 (9b9180224418)
Branch:                  2020.3/staging
Build type:              Release
Batch mode:              YES
macOS version:           Version 12.0.1 (Build 21A559)
Darwin version:          21.1.0
Architecture:            x86_64
Running under Rosetta:   NO
Available memory:        32768 MB
Using pre-set license
Pro License: NO

COMMAND LINE ARGUMENTS:
/Users/junnaruto/Desktop/Unity/2020.3.25f1/Unity.app/Contents/MacOS/Unity
-adb2
-batchMode
-noUpm
-name
AssetImportWorker0
-projectPath
/Users/junnaruto/Desktop/Unity/uzumakinagito/Karting
-logFile
Logs/AssetImportWorker0.log
-srvPort
60459
Successfully changed project path to: /Users/junnaruto/Desktop/Unity/uzumakinagito/Karting
/Users/junnaruto/Desktop/Unity/uzumakinagito/Karting
Using Asset Import Pipeline V2.
Refreshing native plugins compatible for Editor in 127.67 ms, found 3 plugins.
Preloading 0 native plugins for Editor in 0.00 ms.
Initialize engine version: 2020.3.25f1 (9b9180224418)
[Subsystems] Discovering subsystems at path /Users/junnaruto/Desktop/Unity/2020.3.25f1/Unity.app/Contents/Resources/UnitySubsystems
[Subsystems] Discovering subsystems at path /Users/junnaruto/Desktop/Unity/uzumakinagito/Karting/Assets
GfxDevice: creating device client; threaded=0
2022-01-14 18:35:08.477 Unity[41605:3109433] Color LCD preferred device: Intel(R) UHD Graphics 630 (low power)
2022-01-14 18:35:08.477 Unity[41605:3109433] Metal devices available: 2
2022-01-14 18:35:08.478 Unity[41605:3109433] 0: AMD Radeon Pro 5300M (high power)
2022-01-14 18:35:08.478 Unity[41605:3109433] 1: Intel(R) UHD Graphics 630 (low power)
2022-01-14 18:35:08.481 Unity[41605:3109433] Using device AMD Radeon Pro 5300M (high power)
Initializing Metal device caps: AMD Radeon Pro 5300M
Initialize mono
Mono path[0] = '/Users/junnaruto/Desktop/Unity/2020.3.25f1/Unity.app/Contents/Managed'
Mono path[1] = '/Users/junnaruto/Desktop/Unity/2020.3.25f1/Unity.app/Contents/MonoBleedingEdge/lib/mono/unityjit'
Mono config path = '/Users/junnaruto/Desktop/Unity/2020.3.25f1/Unity.app/Contents/MonoBleedingEdge/etc'
Using monoOptions --debugger-agent=transport=dt_socket,embedding=1,server=y,suspend=n,address=127.0.0.1:56605
Begin MonoManager ReloadAssembly
Registering precompiled unity dll's ...
Register platform support module: /Users/junnaruto/Desktop/Unity/2020.3.25f1/Unity.app/Contents/PlaybackEngines/MacStandaloneSupport/UnityEditor.OSXStandalone.Extensions.dll
Registered in 0.000972 seconds.
Native extension for OSXStandalone target not found
Refreshing native plugins compatible for Editor in 131.48 ms, found 3 plugins.
Preloading 0 native plugins for Editor in 0.00 ms.
Mono: successfully reloaded assembly
- Completed reload, in  1.167 seconds
Domain Reload Profiling:
	ReloadAssembly (1168ms)
		BeginReloadAssembly (73ms)
			ExecutionOrderSort (0ms)
			DisableScriptedObjects (0ms)
			BackupInstance (0ms)
			ReleaseScriptingObjects (0ms)
			CreateAndSetChildDomain (1ms)
		EndReloadAssembly (972ms)
			LoadAssemblies (72ms)
			RebuildTransferFunctionScriptingTraits (0ms)
			SetupTypeCache (304ms)
			ReleaseScriptCaches (0ms)
			RebuildScriptCaches (79ms)
			SetupLoadedEditorAssemblies (420ms)
				LogAssemblyErrors (0ms)
				InitializePlatformSupportModulesInManaged (8ms)
				SetLoadedEditorAssemblies (0ms)
				RefreshPlugins (132ms)
				BeforeProcessingInitializeOnLoad (16ms)
				ProcessInitializeOnLoadAttributes (201ms)
				ProcessInitializeOnLoadMethodAttributes (64ms)
				AfterProcessingInitializeOnLoad (0ms)
				EditorAssembliesLoaded (0ms)
			ExecutionOrderSort2 (0ms)
			AwakeInstancesAfterBackupRestoration (0ms)
Platform modules already initialized, skipping
Registering precompiled user dll's ...
Registered in 0.008820 seconds.
Begin MonoManager ReloadAssembly
Native extension for OSXStandalone target not found
Refreshing native plugins compatible for Editor in 93.37 ms, found 3 plugins.
Preloading 0 native plugins for Editor in 0.00 ms.
Mono: successfully reloaded assembly
- Completed reload, in  3.108 seconds
Domain Reload Profiling:
	ReloadAssembly (3109ms)
		BeginReloadAssembly (244ms)
			ExecutionOrderSort (0ms)
			DisableScriptedObjects (7ms)
			BackupInstance (0ms)
			ReleaseScriptingObjects (0ms)
			CreateAndSetChildDomain (32ms)
		EndReloadAssembly (2758ms)
			LoadAssemblies (140ms)
			RebuildTransferFunctionScriptingTraits (0ms)
			SetupTypeCache (684ms)
			ReleaseScriptCaches (1ms)
			RebuildScriptCaches (107ms)
			SetupLoadedEditorAssemblies (1640ms)
				LogAssemblyErrors (0ms)
				InitializePlatformSupportModulesInManaged (6ms)
				SetLoadedEditorAssemblies (0ms)
				RefreshPlugins (93ms)
				BeforeProcessingInitializeOnLoad (124ms)
				ProcessInitializeOnLoadAttributes (1398ms)
				ProcessInitializeOnLoadMethodAttributes (16ms)
				AfterProcessingInitializeOnLoad (3ms)
				EditorAssembliesLoaded (0ms)
			ExecutionOrderSort2 (0ms)
			AwakeInstancesAfterBackupRestoration (10ms)
Platform modules already initialized, skipping
Validating Project structure ... 0.011792 seconds.
Shader import version has changed; will reimport all shaders...
Upgrading shader files ...0.028081 seconds.
Application.AssetDatabase Initial Script Refresh Start
RefreshInfo: InitialScriptRefreshV2(NoUpdateAssetOptions) scanfilter:  ... 1 filters
RefreshProfiler: Total: 0.000ms
Application.AssetDatabase Initial Script Refresh End
Application.AssetDatabase.Refresh Start
Application.AssetDatabase.Refresh End
RefreshInfo: StopAssetImportingV2(ForceSynchronousImport) scanfilter: 
RefreshProfiler: Total: 0.000ms
Launching external process: /Users/junnaruto/Desktop/Unity/2020.3.25f1/Unity.app/Contents/Tools/UnityShaderCompiler
Launched and connected shader compiler UnityShaderCompiler after 0.02 seconds
Initializing Unity extensions:
2022-01-14 18:35:14.533 Unity[41605:3109433] NSEventModifierFlagFunction specified to -setKeyEquivalentModifierMask: for item <NSMenuItem: 0x600002147b10 Font Asset, ke='Command-F12'>, but is only supported for system-provided menu items; will not be used
2022-01-14 18:35:14.542 Unity[41605:3109433] NSEventModifierFlagFunction specified to -setKeyEquivalentModifierMask: for item <NSMenuItem: 0x6000021066f0 Font Asset, ke='Command-F12'>, but is only supported for system-provided menu items; will not be used
========================================================================
Worker process is ready to serve import requests
Refreshing native plugins compatible for Editor in 0.74 ms, found 3 plugins.
Preloading 0 native plugins for Editor in 0.00 ms.
Unloading 2886 Unused Serialized files (Serialized files now loaded: 0)
System memory in use before: 314.4 MB.
System memory in use after: 294.6 MB.

Unloading 281 unused Assets to reduce memory usage. Loaded Objects now: 3285.
Total: 10.989333 ms (FindLiveObjects: 0.363086 ms CreateObjectMapping: 0.288510 ms MarkObjects: 4.115110 ms  DeleteObjects: 6.220930 ms)

AssetImportParameters requested are different than current active one (requested -> active):
  custom:video-decoder-ogg-theora: a1e56fd34408186e4bbccfd4996cb3dc -> 
  custom:container-muxer-webm: aa71ff27fc2769a1b78a27578f13a17b -> 
  custom:container-demuxer-webm: 4f35f7cbe854078d1ac9338744f61a02 -> 
  custom:container-demuxer-ogg: 62fdf1f143b41e24485cea50d1cbac27 -> 
  custom:video-encoder-webm-vp8: eb34c28f22e8b96e1ab97ce403110664 -> 
  custom:framework-osx-AVFoundation: e770b220cccbd017edd2c1fefb359320 -> 
  custom:video-decoder-webm-vp8: 9c59270c3fd7afecdb556c50c9e8de78 -> 
  custom:audio-decoder-ogg-vorbis: bf7c407c2cedff20999df2af8eb42d56 -> 
  custom:audio-encoder-webm-vorbis: bf7c407c2cedff20999df2af8eb42d56 -> 
========================================================================
Received Import Request.
  path: Assets/Mod Assets/ModResources/BillboardMaterials/Billboard Content.mat
  artifactKey: Guid(ba793090d6ae148e9a8a50996460f4f1) Importer(815301076,1909f56bfc062723c751e8b465ee728b)
Start importing Assets/Mod Assets/ModResources/BillboardMaterials/Billboard Content.mat using Guid(ba793090d6ae148e9a8a50996460f4f1) Importer(815301076,1909f56bfc062723c751e8b465ee728b)  -> (artifact id: 'c8271c89a80c6393e67422b6d619a136') in 0.591742 seconds 
  Import took 0.602394 seconds .

========================================================================
Received Import Request.
  Time since last request: 0.000447 seconds.
  path: Assets/Mod Assets/ModResources/HatMaterials/GlassesMaterial.mat
  artifactKey: Guid(1acefd150eaed40838351a00d9ea7163) Importer(815301076,1909f56bfc062723c751e8b465ee728b)
Start importing Assets/Mod Assets/ModResources/HatMaterials/GlassesMaterial.mat using Guid(1acefd150eaed40838351a00d9ea7163) Importer(815301076,1909f56bfc062723c751e8b465ee728b)  -> (artifact id: '152ac815fb6fdbbc97613658ab3e8207') in 0.016243 seconds 
  Import took 0.022003 seconds .

========================================================================
Received Import Request.
  Time since last request: 0.000280 seconds.
  path: Assets/Karting/Art/Materials/Props/CheckPoint_Particle.mat
  artifactKey: Guid(9b4fae447e271f94dbceadcb2b680633) Importer(815301076,1909f56bfc062723c751e8b465ee728b)
Start importing Assets/Karting/Art/Materials/Props/CheckPoint_Particle.mat using Guid(9b4fae447e271f94dbceadcb2b680633) Importer(815301076,1909f56bfc062723c751e8b465ee728b)  -> (artifact id: '74a38f229d728886323da90fad98631f') in 0.257764 seconds 
  Import took 0.263173 seconds .

========================================================================
Received Import Request.
  Time since last request: 0.000332 seconds.
  path: Assets/Mod Assets/3DProps/SpaceProps/Asteroid.fbx
  artifactKey: Guid(738cfb63efae84af7b2446470711e751) Importer(815301076,1909f56bfc062723c751e8b465ee728b)
Start importing Assets/Mod Assets/3DProps/SpaceProps/Asteroid.fbx using Guid(738cfb63efae84af7b2446470711e751) Importer(815301076,1909f56bfc062723c751e8b465ee728b)  -> (artifact id: 'e9999c666672f98b98c8efaee7b07ed0') in 0.235904 seconds 
  Import took 0.246708 seconds .

========================================================================
Received Import Request.
  Time since last request: 0.000319 seconds.
  path: Assets/Mod Assets/ModResources/BillboardMaterials/Billboard Frame.mat
  artifactKey: Guid(190c04ee61aaa410e8650f7fc1ce7f41) Importer(815301076,1909f56bfc062723c751e8b465ee728b)
Start importing Assets/Mod Assets/ModResources/BillboardMaterials/Billboard Frame.mat using Guid(190c04ee61aaa410e8650f7fc1ce7f41) Importer(815301076,1909f56bfc062723c751e8b465ee728b)  -> (artifact id: '20f97645bc7223919c3bb21c4b4cbbf5') in 0.011653 seconds 
  Import took 0.017980 seconds .

========================================================================
Received Import Request.
  Time since last request: 0.000314 seconds.
  path: Assets/Mod Assets/Kart/Custom Materials/Glass Dark.mat
  artifactKey: Guid(73d3b987427b7456eb9fced2cf259a38) Importer(815301076,1909f56bfc062723c751e8b465ee728b)
Start importing Assets/Mod Assets/Kart/Custom Materials/Glass Dark.mat using Guid(73d3b987427b7456eb9fced2cf259a38) Importer(815301076,1909f56bfc062723c751e8b465ee728b)  -> (artifact id: 'f09c00fad8ed30d7de1d712d0a9eff6e') in 0.700520 seconds 
  Import took 0.707679 seconds .

========================================================================
Received Import Request.
  Time since last request: 0.000448 seconds.
  path: Packages/com.unity.probuilder/Content/Resources/Materials/EdgePickerHDRP.mat
  artifactKey: Guid(980c24c5a501a9a429356d191ad356a9) Importer(815301076,1909f56bfc062723c751e8b465ee728b)
Start importing Packages/com.unity.probuilder/Content/Resources/Materials/EdgePickerHDRP.mat using Guid(980c24c5a501a9a429356d191ad356a9) Importer(815301076,1909f56bfc062723c751e8b465ee728b)  -> (artifact id: '0c175e8bfe75860b542cac7b9bba7728') in 0.062923 seconds 
  Import took 0.070777 seconds .

========================================================================
Received Import Request.
  Time since last request: 0.000325 seconds.
  path: Assets/Karting/Art/Materials/Level/Default.mat
  artifactKey: Guid(5771eb136bbe5f44ca09b5fc7d1ba8fa) Importer(815301076,1909f56bfc062723c751e8b465ee728b)
Start importing Assets/Karting/Art/Materials/Level/Default.mat using Guid(5771eb136bbe5f44ca09b5fc7d1ba8fa) Importer(815301076,1909f56bfc062723c751e8b465ee728b)  -> (artifact id: 'b39552d5d08b10120a2d9a1cdbe7044b') in 0.172901 seconds 
  Import took 0.183394 seconds .

========================================================================
Received Import Request.
  Time since last request: 0.000488 seconds.
  path: Packages/com.unity.probuilder/Content/Resources/Materials/Collider.mat
  artifactKey: Guid(bbb235fff4f48426b863b36058ab66d2) Importer(815301076,1909f56bfc062723c751e8b465ee728b)
Start importing Packages/com.unity.probuilder/Content/Resources/Materials/Collider.mat using Guid(bbb235fff4f48426b863b36058ab66d2) Importer(815301076,1909f56bfc062723c751e8b465ee728b)  -> (artifact id: '44a42be3d3ff4523c0a6370be823cc43') in 0.076342 seconds 
  Import took 0.085794 seconds .

========================================================================
Received Import Request.
  Time since last request: 0.000354 seconds.
  path: Packages/com.unity.probuilder/Content/Resources/Materials/EdgePicker.mat
  artifactKey: Guid(4ff996e3a0a5743a3987ab6231160665) Importer(815301076,1909f56bfc062723c751e8b465ee728b)
Start importing Packages/com.unity.probuilder/Content/Resources/Materials/EdgePicker.mat using Guid(4ff996e3a0a5743a3987ab6231160665) Importer(815301076,1909f56bfc062723c751e8b465ee728b)  -> (artifact id: 'dd28d434726e9e97d045a08030b0203f') in 0.048393 seconds 
  Import took 0.053848 seconds .

========================================================================
Received Import Request.
  Time since last request: 0.000293 seconds.
  path: Packages/com.unity.probuilder/Content/Material/Checker.mat
  artifactKey: Guid(4717b199010ca4cb3a8a7a465ec457d2) Importer(815301076,1909f56bfc062723c751e8b465ee728b)
Start importing Packages/com.unity.probuilder/Content/Material/Checker.mat using Guid(4717b199010ca4cb3a8a7a465ec457d2) Importer(815301076,1909f56bfc062723c751e8b465ee728b)  -> (artifact id: '1e9cc05b182fa831cd6c3345592eb77b') in 0.161521 seconds 
  Import took 0.167783 seconds .

========================================================================
Received Import Request.
  Time since last request: 0.000327 seconds.
  path: Assets/Karting/Art/Materials/Level/Hill.mat
  artifactKey: Guid(6d356d20182e04a549044c49cf2448e2) Importer(815301076,1909f56bfc062723c751e8b465ee728b)
Start importing Assets/Karting/Art/Materials/Level/Hill.mat using Guid(6d356d20182e04a549044c49cf2448e2) Importer(815301076,1909f56bfc062723c751e8b465ee728b)  -> (artifact id: '09fefe827d4b571592354c5d0fcf08f2') in 0.012999 seconds 
  Import took 0.018931 seconds .

========================================================================
Received Import Request.
  Time since last request: 0.000358 seconds.
  path: Assets/Mod Assets/3DProps/FoodProps/Donut.fbx
  artifactKey: Guid(b121577100373491d839adcc51d30452) Importer(815301076,1909f56bfc062723c751e8b465ee728b)
Start importing Assets/Mod Assets/3DProps/FoodProps/Donut.fbx using Guid(b121577100373491d839adcc51d30452) Importer(815301076,1909f56bfc062723c751e8b465ee728b)  -> (artifact id: 'ed6dba864a1337ac9856470181a6f0dd') in 0.186369 seconds 
  Import took 0.192656 seconds .

========================================================================
Received Import Request.
  Time since last request: 0.000353 seconds.
  path: Assets/Karting/Art/Materials/Kart_Classic/KartBody.mat
  artifactKey: Guid(09621e790441a46dd96384071c5c8a73) Importer(815301076,1909f56bfc062723c751e8b465ee728b)
Start importing Assets/Karting/Art/Materials/Kart_Classic/KartBody.mat using Guid(09621e790441a46dd96384071c5c8a73) Importer(815301076,1909f56bfc062723c751e8b465ee728b)  -> (artifact id: 'a1f85aac393f8bbe5443312686add3a4') in 0.010824 seconds 
  Import took 0.016189 seconds .

========================================================================
Received Import Request.
  Time since last request: 0.000407 seconds.
  path: Assets/Karting/Art/Models/Kart_Classic/KartClassic_Piece.FBX
  artifactKey: Guid(f646448445cac684aa700a02a5b06ae5) Importer(815301076,1909f56bfc062723c751e8b465ee728b)
Start importing Assets/Karting/Art/Models/Kart_Classic/KartClassic_Piece.FBX using Guid(f646448445cac684aa700a02a5b06ae5) Importer(815301076,1909f56bfc062723c751e8b465ee728b)  -> (artifact id: '204bf52a1a30398b74c9348ac154a86e') in 0.282928 seconds 
  Import took 0.295712 seconds .

========================================================================
Received Import Request.
  Time since last request: 0.001685 seconds.
  path: Assets/Karting/Art/Materials/Level/Cloud.mat
  artifactKey: Guid(148eef3fd1efb4869a34ac3d7cf100cc) Importer(815301076,1909f56bfc062723c751e8b465ee728b)
Start importing Assets/Karting/Art/Materials/Level/Cloud.mat using Guid(148eef3fd1efb4869a34ac3d7cf100cc) Importer(815301076,1909f56bfc062723c751e8b465ee728b)  -> (artifact id: '583c050f345ea60509c3728d4d56c6f1') in 0.019299 seconds 
  Import took 0.026040 seconds .

========================================================================
Received Import Request.
  Time since last request: 0.000333 seconds.
  path: Packages/com.unity.connect.share/UI/MaterialIcons-Regular.ttf
  artifactKey: Guid(f7f3465ef34b34633aea2c0de2e88bdb) Importer(815301076,1909f56bfc062723c751e8b465ee728b)
Start importing Packages/com.unity.connect.share/UI/MaterialIcons-Regular.ttf using Guid(f7f3465ef34b34633aea2c0de2e88bdb) Importer(815301076,1909f56bfc062723c751e8b465ee728b)  -> (artifact id: 'a8f8dc3290606d205ed839dac5ed12d1') in 3.831381 seconds 
  Import took 3.846017 seconds .

========================================================================
Received Import Request.
  Time since last request: 0.000440 seconds.
  path: Assets/Mod Assets/ModResources/Fonts/DancingScript-Regular SDF.asset
  artifactKey: Guid(7b50419dd5d254755b7929b05d413472) Importer(815301076,1909f56bfc062723c751e8b465ee728b)
Start importing Assets/Mod Assets/ModResources/Fonts/DancingScript-Regular SDF.asset using Guid(7b50419dd5d254755b7929b05d413472) Importer(815301076,1909f56bfc062723c751e8b465ee728b)  -> (artifact id: 'd1cdd5896618b5284f6ae20f6faca798') in 0.226122 seconds 
  Import took 0.239993 seconds .

========================================================================
Received Import Request.
  Time since last request: 0.000393 seconds.
  path: Packages/com.unity.probuilder/Content/Resources/Materials/FacePickerHDRP.mat
  artifactKey: Guid(a53ef0dd76f2fe74eb5f43267d7c0195) Importer(815301076,1909f56bfc062723c751e8b465ee728b)
Start importing Packages/com.unity.probuilder/Content/Resources/Materials/FacePickerHDRP.mat using Guid(a53ef0dd76f2fe74eb5f43267d7c0195) Importer(815301076,1909f56bfc062723c751e8b465ee728b)  -> (artifact id: '2b3a98f947b9445050f05ee155da7b12') in 0.053246 seconds 
  Import took 0.061307 seconds .

========================================================================
Received Import Request.
  Time since last request: 0.000392 seconds.
  path: Assets/Mod Assets/Kart/Custom Materials/Basic Red.mat
  artifactKey: Guid(6487fdefd669d4dbc91709a177cd4b93) Importer(815301076,1909f56bfc062723c751e8b465ee728b)
Start importing Assets/Mod Assets/Kart/Custom Materials/Basic Red.mat using Guid(6487fdefd669d4dbc91709a177cd4b93) Importer(815301076,1909f56bfc062723c751e8b465ee728b)  -> (artifact id: 'f2a55f45e222efdad7eb19f6526927ea') in 0.011400 seconds 
  Import took 0.020442 seconds .

========================================================================
Received Import Request.
  Time since last request: 0.000325 seconds.
  path: Assets/Mod Assets/ModResources/Fonts/CormorantUnicase-Regular SDF.asset
  artifactKey: Guid(ba62bccd3bc0142bc9a0bc1addeaadce) Importer(815301076,1909f56bfc062723c751e8b465ee728b)
Start importing Assets/Mod Assets/ModResources/Fonts/CormorantUnicase-Regular SDF.asset using Guid(ba62bccd3bc0142bc9a0bc1addeaadce) Importer(815301076,1909f56bfc062723c751e8b465ee728b)  -> (artifact id: '8fa13d2bde3f1d5d38623fa63de38bee') in 0.029162 seconds 
  Import took 0.036461 seconds .

========================================================================
Received Import Request.
  Time since last request: 0.000257 seconds.
  path: Assets/Mod Assets/3DProps/NatureProps/FlowerBush.fbx
  artifactKey: Guid(decf25da566de433cb1a874aa0e6dd00) Importer(815301076,1909f56bfc062723c751e8b465ee728b)
Start importing Assets/Mod Assets/3DProps/NatureProps/FlowerBush.fbx using Guid(decf25da566de433cb1a874aa0e6dd00) Importer(815301076,1909f56bfc062723c751e8b465ee728b)  -> (artifact id: '723c2d3e81da7ae6e4c788801211abc4') in 0.068758 seconds 
  Import took 0.076007 seconds .

========================================================================
Received Import Request.
  Time since last request: 0.000512 seconds.
  path: Assets/Mod Assets/Kart/Custom Materials/Glass Clear.mat
  artifactKey: Guid(0a7aee634f0a04f16a55b768e33e5040) Importer(815301076,1909f56bfc062723c751e8b465ee728b)
Start importing Assets/Mod Assets/Kart/Custom Materials/Glass Clear.mat using Guid(0a7aee634f0a04f16a55b768e33e5040) Importer(815301076,1909f56bfc062723c751e8b465ee728b)  -> (artifact id: '3628b8f59bd4246faf16fc2094f4a9ef') in 0.012173 seconds 
  Import took 0.023296 seconds .

========================================================================
Received Import Request.
  Time since last request: 0.000252 seconds.
  path: Packages/com.unity.probuilder/Content/Resources/Materials/FacePicker.mat
  artifactKey: Guid(5695904020f064fdab5ad265b274a616) Importer(815301076,1909f56bfc062723c751e8b465ee728b)
Start importing Packages/com.unity.probuilder/Content/Resources/Materials/FacePicker.mat using Guid(5695904020f064fdab5ad265b274a616) Importer(815301076,1909f56bfc062723c751e8b465ee728b)  -> (artifact id: '2f70878b45adf3d082628ad7d5ad9c24') in 0.018703 seconds 
  Import took 0.024965 seconds .

========================================================================
Received Import Request.
  Time since last request: 0.000412 seconds.
  path: Assets/Mod Assets/3DProps/NatureProps/FallenTree.fbx
  artifactKey: Guid(eaf3edd0ef88ac84c970b62f673ed6b0) Importer(815301076,1909f56bfc062723c751e8b465ee728b)
Start importing Assets/Mod Assets/3DProps/NatureProps/FallenTree.fbx using Guid(eaf3edd0ef88ac84c970b62f673ed6b0) Importer(815301076,1909f56bfc062723c751e8b465ee728b)  -> (artifact id: 'eafded6b177b997d248d9d817f1b8161') in 0.035484 seconds 
  Import took 0.045239 seconds .

========================================================================
Received Import Request.
  Time since last request: 0.000362 seconds.
  path: Assets/Mod Assets/3DProps/FoodProps/Cookie.fbx
  artifactKey: Guid(a8f127f4a0a19407db2b784d5ae1b637) Importer(815301076,1909f56bfc062723c751e8b465ee728b)
Start importing Assets/Mod Assets/3DProps/FoodProps/Cookie.fbx using Guid(a8f127f4a0a19407db2b784d5ae1b637) Importer(815301076,1909f56bfc062723c751e8b465ee728b)  -> (artifact id: '2ecc7624122e43b3ac8d91ce999cf3d0') in 0.043278 seconds 
  Import took 0.051163 seconds .

========================================================================
Received Import Request.
  Time since last request: 0.000362 seconds.
  path: Assets/Mod Assets/Kart/Custom Materials/Basic Green.mat
  artifactKey: Guid(85a5f987437cc4794b97b153a23d7ccb) Importer(815301076,1909f56bfc062723c751e8b465ee728b)
Start importing Assets/Mod Assets/Kart/Custom Materials/Basic Green.mat using Guid(85a5f987437cc4794b97b153a23d7ccb) Importer(815301076,1909f56bfc062723c751e8b465ee728b)  -> (artifact id: 'bf731b79c27ac910c33c8c364b5830e1') in 0.019857 seconds 
  Import took 0.028658 seconds .

========================================================================
Received Import Request.
  Time since last request: 0.000482 seconds.
  path: Assets/Mod Assets/Kart/Custom Materials/Basic Blue.mat
  artifactKey: Guid(de7902ac5f1ca46b9894eae94bfe5e58) Importer(815301076,1909f56bfc062723c751e8b465ee728b)
Start importing Assets/Mod Assets/Kart/Custom Materials/Basic Blue.mat using Guid(de7902ac5f1ca46b9894eae94bfe5e58) Importer(815301076,1909f56bfc062723c751e8b465ee728b)  -> (artifact id: 'b80023fb6dabeb2dd0e0951341c8100b') in 0.013657 seconds 
  Import took 0.021519 seconds .

========================================================================
Received Import Request.
  Time since last request: 0.000425 seconds.
  path: Assets/Mod Assets/3DProps/NatureProps/FirTree.fbx
  artifactKey: Guid(5fc0e3d37ec294384aaa0b18e537ff86) Importer(815301076,1909f56bfc062723c751e8b465ee728b)
Start importing Assets/Mod Assets/3DProps/NatureProps/FirTree.fbx using Guid(5fc0e3d37ec294384aaa0b18e537ff86) Importer(815301076,1909f56bfc062723c751e8b465ee728b)  -> (artifact id: '93d96c04a6a8169b1a83cfb3de529868') in 0.064187 seconds 
  Import took 0.076776 seconds .

========================================================================
Received Import Request.
  Time since last request: 0.000453 seconds.
  path: Assets/Mod Assets/3DProps/NatureProps/Cactus.fbx
  artifactKey: Guid(abd8d6df37cf14c4485291b3d13cd460) Importer(815301076,1909f56bfc062723c751e8b465ee728b)
Start importing Assets/Mod Assets/3DProps/NatureProps/Cactus.fbx using Guid(abd8d6df37cf14c4485291b3d13cd460) Importer(815301076,1909f56bfc062723c751e8b465ee728b)  -> (artifact id: '8d587ed6715c7885031c4bf2369c771c') in 0.037441 seconds 
  Import took 0.046694 seconds .

========================================================================
Received Import Request.
  Time since last request: 0.000303 seconds.
  path: Assets/Mod Assets/ModResources/TrailMaterials/FireTrailMaterial.mat
  artifactKey: Guid(1cdc620dc87bd45acbd2dfd2cc6560eb) Importer(815301076,1909f56bfc062723c751e8b465ee728b)
Start importing Assets/Mod Assets/ModResources/TrailMaterials/FireTrailMaterial.mat using Guid(1cdc620dc87bd45acbd2dfd2cc6560eb) Importer(815301076,1909f56bfc062723c751e8b465ee728b)  -> (artifact id: '7e53c79ace527c73c7c8bb0ef59e8e96') in 0.185774 seconds 
  Import took 0.191009 seconds .

========================================================================
Received Import Request.
  Time since last request: 0.000255 seconds.
  path: Assets/Mod Assets/Kart/Custom Materials/Basic White.mat
  artifactKey: Guid(80aca137a2109463fb6c86f09a521374) Importer(815301076,1909f56bfc062723c751e8b465ee728b)
Start importing Assets/Mod Assets/Kart/Custom Materials/Basic White.mat using Guid(80aca137a2109463fb6c86f09a521374) Importer(815301076,1909f56bfc062723c751e8b465ee728b)  -> (artifact id: '9613dbad5809c3116ca3c50ef20fdabf') in 0.011305 seconds 
  Import took 0.016483 seconds .

========================================================================
Received Import Request.
  Time since last request: 0.000290 seconds.
  path: Assets/Karting/Art/Materials/Level/Ground.mat
  artifactKey: Guid(0274ff7df2d6f47d18ad726800451b5a) Importer(815301076,1909f56bfc062723c751e8b465ee728b)
Start importing Assets/Karting/Art/Materials/Level/Ground.mat using Guid(0274ff7df2d6f47d18ad726800451b5a) Importer(815301076,1909f56bfc062723c751e8b465ee728b)  -> (artifact id: 'e2ffda7a6855ad60fae9b4b2dc97a3e8') in 0.016410 seconds 
  Import took 0.023143 seconds .

========================================================================
Received Import Request.
  Time since last request: 0.000317 seconds.
  path: Assets/Mod Assets/3DProps/AncientProps/Archway.fbx
  artifactKey: Guid(8845e58e723a048699e6cf81997a1af0) Importer(815301076,1909f56bfc062723c751e8b465ee728b)
Start importing Assets/Mod Assets/3DProps/AncientProps/Archway.fbx using Guid(8845e58e723a048699e6cf81997a1af0) Importer(815301076,1909f56bfc062723c751e8b465ee728b)  -> (artifact id: '6c80595976bd19605e8009b30e63d22b') in 0.052896 seconds 
  Import took 0.059754 seconds .

========================================================================
Received Import Request.
  Time since last request: 0.000313 seconds.
  path: Assets/Mod Assets/3DProps/SpaceProps/Crystal.fbx
  artifactKey: Guid(6b2dfb46096eb400e8d5de95609e53b3) Importer(815301076,1909f56bfc062723c751e8b465ee728b)
Start importing Assets/Mod Assets/3DProps/SpaceProps/Crystal.fbx using Guid(6b2dfb46096eb400e8d5de95609e53b3) Importer(815301076,1909f56bfc062723c751e8b465ee728b)  -> (artifact id: '2d34d541c7ac9dfa50b55e5c7b598b74') in 0.026382 seconds 
  Import took 0.032020 seconds .

========================================================================
Received Import Request.
  Time since last request: 0.000318 seconds.
  path: Assets/Karting/Art/Materials/VFX/Beam.mat
  artifactKey: Guid(244044ffce533c040abcdd125591b6fd) Importer(815301076,1909f56bfc062723c751e8b465ee728b)
Start importing Assets/Karting/Art/Materials/VFX/Beam.mat using Guid(244044ffce533c040abcdd125591b6fd) Importer(815301076,1909f56bfc062723c751e8b465ee728b)  -> (artifact id: 'a2d105319eb0e01f5babdead8168158c') in 0.098928 seconds 
  Import took 0.112354 seconds .

========================================================================
Received Import Request.
  Time since last request: 0.000271 seconds.
  path: Assets/Karting/Art/Materials/Props/Checkpoint.mat
  artifactKey: Guid(9168b1bbaf2253e4c819e2b6304463b1) Importer(815301076,1909f56bfc062723c751e8b465ee728b)
Start importing Assets/Karting/Art/Materials/Props/Checkpoint.mat using Guid(9168b1bbaf2253e4c819e2b6304463b1) Importer(815301076,1909f56bfc062723c751e8b465ee728b)  -> (artifact id: 'ae16b44d1b71a5e4b8bb97dd0e7dcc23') in 0.013670 seconds 
  Import took 0.019430 seconds .

========================================================================
Received Import Request.
  Time since last request: 0.000305 seconds.
  path: Packages/com.unity.probuilder/Content/Resources/Materials/InvisibleFace.mat
  artifactKey: Guid(978bbcf5050244f1b95128c04103f628) Importer(815301076,1909f56bfc062723c751e8b465ee728b)
Start importing Packages/com.unity.probuilder/Content/Resources/Materials/InvisibleFace.mat using Guid(978bbcf5050244f1b95128c04103f628) Importer(815301076,1909f56bfc062723c751e8b465ee728b)  -> (artifact id: '6d1d76733010469944841b9ed426a584') in 0.056202 seconds 
  Import took 0.065741 seconds .

========================================================================
Received Import Request.
  Time since last request: 0.000551 seconds.
  path: Assets/Mod Assets/ModResources/Fonts/BioRhymeExpanded-Regular SDF.asset
  artifactKey: Guid(2d0aaede2506c4ca0969c32576224028) Importer(815301076,1909f56bfc062723c751e8b465ee728b)
Start importing Assets/Mod Assets/ModResources/Fonts/BioRhymeExpanded-Regular SDF.asset using Guid(2d0aaede2506c4ca0969c32576224028) Importer(815301076,1909f56bfc062723c751e8b465ee728b)  -> (artifact id: 'f9e652f52ba48f950e9910b9d3abaf88') in 0.040928 seconds 
  Import took 0.052514 seconds .

========================================================================
Received Import Request.
  Time since last request: 0.000408 seconds.
  path: Assets/Mod Assets/Kart/Custom Materials/Basic Black.mat
  artifactKey: Guid(dc263f8d5174d45c0a98e6489eca16c5) Importer(815301076,1909f56bfc062723c751e8b465ee728b)
Start importing Assets/Mod Assets/Kart/Custom Materials/Basic Black.mat using Guid(dc263f8d5174d45c0a98e6489eca16c5) Importer(815301076,1909f56bfc062723c751e8b465ee728b)  -> (artifact id: '3866d83277a3c8e063525c02828278cb') in 0.010608 seconds 
  Import took 0.020935 seconds .

========================================================================
Received Import Request.
  Time since last request: 0.000549 seconds.
  path: Assets/Karting/Art/Materials/Level/CurvedRamp.mat
  artifactKey: Guid(ee7f46bd01c51304eb1c70ef2a97b5b9) Importer(815301076,1909f56bfc062723c751e8b465ee728b)
Start importing Assets/Karting/Art/Materials/Level/CurvedRamp.mat using Guid(ee7f46bd01c51304eb1c70ef2a97b5b9) Importer(815301076,1909f56bfc062723c751e8b465ee728b)  -> (artifact id: '3595029368d898469abe34bff676641a') in 0.019976 seconds 
  Import took 0.027504 seconds .

========================================================================
Received Import Request.
  Time since last request: 0.000533 seconds.
  path: Assets/Mod Assets/ModResources/Fonts/IndieFlower SDF.asset
  artifactKey: Guid(2a0d250d860e74880b33abdcb4a9da2a) Importer(815301076,1909f56bfc062723c751e8b465ee728b)
Start importing Assets/Mod Assets/ModResources/Fonts/IndieFlower SDF.asset using Guid(2a0d250d860e74880b33abdcb4a9da2a) Importer(815301076,1909f56bfc062723c751e8b465ee728b)  -> (artifact id: 'e1126ce870f969cc8473f53441853e41') in 0.030609 seconds 
  Import took 0.039933 seconds .

========================================================================
Received Import Request.
  Time since last request: 0.000310 seconds.
  path: Assets/Mod Assets/ModResources/Fonts/Bangers-Regular SDF.asset
  artifactKey: Guid(0e141b3397d234c8685509c5d77ebcf1) Importer(815301076,1909f56bfc062723c751e8b465ee728b)
Start importing Assets/Mod Assets/ModResources/Fonts/Bangers-Regular SDF.asset using Guid(0e141b3397d234c8685509c5d77ebcf1) Importer(815301076,1909f56bfc062723c751e8b465ee728b)  -> (artifact id: '86eeb7e79bfe8e1d4fe8ead422bbad13') in 0.029354 seconds 
  Import took 0.036164 seconds .

========================================================================
Received Import Request.
  Time since last request: 0.000264 seconds.
  path: Assets/Mod Assets/3DProps/FoodProps/GummyBear.fbx
  artifactKey: Guid(58ea00b8d25e246b4aabc659dc7b33c4) Importer(815301076,1909f56bfc062723c751e8b465ee728b)
Start importing Assets/Mod Assets/3DProps/FoodProps/GummyBear.fbx using Guid(58ea00b8d25e246b4aabc659dc7b33c4) Importer(815301076,1909f56bfc062723c751e8b465ee728b)  -> (artifact id: '686c7b8f376a5c302dd248bb818822fd') in 0.070329 seconds 
  Import took 0.080216 seconds .

========================================================================
Received Import Request.
  Time since last request: 56.741457 seconds.
  path: Assets/Karting/Animations/Player/PlayerIdle.FBX
  artifactKey: Guid(078f73b46517318428ecaf8e7207124c) Importer(815301076,1909f56bfc062723c751e8b465ee728b)
Start importing Assets/Karting/Animations/Player/PlayerIdle.FBX using Guid(078f73b46517318428ecaf8e7207124c) Importer(815301076,1909f56bfc062723c751e8b465ee728b)  -> (artifact id: '62346c3a0afbefeb1d3c2e575f2e04ed') in 0.035080 seconds 
  Import took 0.041534 seconds .

========================================================================
Received Import Request.
  Time since last request: 0.000214 seconds.
  path: Assets/Karting/Animations/Player/PlayerLeft.FBX
  artifactKey: Guid(1c78222edbf3c0f4280c1289cc46f053) Importer(815301076,1909f56bfc062723c751e8b465ee728b)
Start importing Assets/Karting/Animations/Player/PlayerLeft.FBX using Guid(1c78222edbf3c0f4280c1289cc46f053) Importer(815301076,1909f56bfc062723c751e8b465ee728b)  -> (artifact id: '997f08ef9b924100835b81c58c57d76a') in 0.046518 seconds 
  Import took 0.052868 seconds .

========================================================================
Received Import Request.
  Time since last request: 0.000349 seconds.
  path: Assets/Karting/Animations/Player/PlayerJump.FBX
  artifactKey: Guid(9f825f613a00f714dae086f20a4a4171) Importer(815301076,1909f56bfc062723c751e8b465ee728b)
Start importing Assets/Karting/Animations/Player/PlayerJump.FBX using Guid(9f825f613a00f714dae086f20a4a4171) Importer(815301076,1909f56bfc062723c751e8b465ee728b)  -> (artifact id: '485dc68d68d6a9a836bd189e68cf7e20') in 0.052576 seconds 
  Import took 0.060534 seconds .

========================================================================
Received Import Request.
  Time since last request: 2.609762 seconds.
  path: Assets/Karting/Art/Fonts/Roboto-Black SDF.asset
  artifactKey: Guid(75063828274bdb145a55f6dd2f22e8b2) Importer(815301076,1909f56bfc062723c751e8b465ee728b)
Start importing Assets/Karting/Art/Fonts/Roboto-Black SDF.asset using Guid(75063828274bdb145a55f6dd2f22e8b2) Importer(815301076,1909f56bfc062723c751e8b465ee728b)  -> (artifact id: '2cf8d27fd05e29a8d0a5417aced534cf') in 0.026950 seconds 
  Import took 0.034225 seconds .

========================================================================
Received Import Request.
  Time since last request: 3.029746 seconds.
  path: Assets/Karting/Art/Models/BowlingPin.fbx
  artifactKey: Guid(3760fc2bfbb77904ab1a129dbed3c531) Importer(815301076,1909f56bfc062723c751e8b465ee728b)
Start importing Assets/Karting/Art/Models/BowlingPin.fbx using Guid(3760fc2bfbb77904ab1a129dbed3c531) Importer(815301076,1909f56bfc062723c751e8b465ee728b)  -> (artifact id: '28387ed68c4b696ad27ecd78cdb9f05e') in 0.017927 seconds 
  Import took 0.024727 seconds .

========================================================================
Received Import Request.
  Time since last request: 0.000293 seconds.
  path: Assets/Karting/Art/Models/BuildingRoofCorner.fbx
  artifactKey: Guid(f46a9f80d31a32e47a57aa4858036430) Importer(815301076,1909f56bfc062723c751e8b465ee728b)
Start importing Assets/Karting/Art/Models/BuildingRoofCorner.fbx using Guid(f46a9f80d31a32e47a57aa4858036430) Importer(815301076,1909f56bfc062723c751e8b465ee728b)  -> (artifact id: '4bb09af8c5c9c4d6bb5f6bfc765453d7') in 0.033993 seconds 
  Import took 0.040413 seconds .

========================================================================
Received Import Request.
  Time since last request: 0.000461 seconds.
  path: Assets/Karting/Art/Models/BuildingShortVariantModel.fbx
  artifactKey: Guid(ea9b690577e1e4787b7a0ba1e8bde702) Importer(815301076,1909f56bfc062723c751e8b465ee728b)
Start importing Assets/Karting/Art/Models/BuildingShortVariantModel.fbx using Guid(ea9b690577e1e4787b7a0ba1e8bde702) Importer(815301076,1909f56bfc062723c751e8b465ee728b)  -> (artifact id: '55456cce8e38881838f297b6cb6d3327') in 0.051070 seconds 
  Import took 0.059728 seconds .

========================================================================
Received Import Request.
  Time since last request: 0.000230 seconds.
  path: Assets/Karting/Art/Models/Building03WallWideWindow.fbx
  artifactKey: Guid(8021d7313a3bc1240bb3e96d591721bf) Importer(815301076,1909f56bfc062723c751e8b465ee728b)
Start importing Assets/Karting/Art/Models/Building03WallWideWindow.fbx using Guid(8021d7313a3bc1240bb3e96d591721bf) Importer(815301076,1909f56bfc062723c751e8b465ee728b)  -> (artifact id: 'a1267bfb892722e908b864fd51f16522') in 0.022610 seconds 
  Import took 0.028569 seconds .

========================================================================
Received Import Request.
  Time since last request: 0.000262 seconds.
  path: Assets/Karting/Art/Models/Building02WallBricks.fbx
  artifactKey: Guid(b12206d774dc7c94881f7f13f3dc81e2) Importer(815301076,1909f56bfc062723c751e8b465ee728b)
Start importing Assets/Karting/Art/Models/Building02WallBricks.fbx using Guid(b12206d774dc7c94881f7f13f3dc81e2) Importer(815301076,1909f56bfc062723c751e8b465ee728b)  -> (artifact id: '715acb9b0f4be0105586000ba9e44aa3') in 0.023495 seconds 
  Import took 0.031090 seconds .

========================================================================
Received Import Request.
  Time since last request: 0.000280 seconds.
  path: Assets/Karting/Art/Models/BuildingAirConditioner.fbx
  artifactKey: Guid(a1115a8b4e0c27d43883e5bf6d307390) Importer(815301076,1909f56bfc062723c751e8b465ee728b)
Start importing Assets/Karting/Art/Models/BuildingAirConditioner.fbx using Guid(a1115a8b4e0c27d43883e5bf6d307390) Importer(815301076,1909f56bfc062723c751e8b465ee728b)  -> (artifact id: 'fffcf6169dc672d69e4b34f02a950065') in 0.020963 seconds 
  Import took 0.030825 seconds .

========================================================================
Received Import Request.
  Time since last request: 0.000378 seconds.
  path: Assets/Karting/Art/Models/Building03CornerWideWindow.fbx
  artifactKey: Guid(2dc0b90df1333dc469eeb6cff505ccb5) Importer(815301076,1909f56bfc062723c751e8b465ee728b)
Start importing Assets/Karting/Art/Models/Building03CornerWideWindow.fbx using Guid(2dc0b90df1333dc469eeb6cff505ccb5) Importer(815301076,1909f56bfc062723c751e8b465ee728b)  -> (artifact id: '1693fc689f8a1e00e666cb0c10402e4c') in 0.024874 seconds 
  Import took 0.033347 seconds .

========================================================================
Received Import Request.
  Time since last request: 0.000291 seconds.
  path: Assets/Karting/Art/Models/BuildingRoofWalls.fbx
  artifactKey: Guid(96819d445b8f3e54bafac2405ab1e2e3) Importer(815301076,1909f56bfc062723c751e8b465ee728b)
Start importing Assets/Karting/Art/Models/BuildingRoofWalls.fbx using Guid(96819d445b8f3e54bafac2405ab1e2e3) Importer(815301076,1909f56bfc062723c751e8b465ee728b)  -> (artifact id: 'd5eaeebf50e484c0f038ce14bc5ae06b') in 0.025143 seconds 
  Import took 0.031628 seconds .

========================================================================
Received Import Request.
  Time since last request: 0.000272 seconds.
  path: Assets/Karting/Art/Models/BuildingMediumModel.fbx
  artifactKey: Guid(ff205f5b9b7be4ff4b52365d65d4c8e3) Importer(815301076,1909f56bfc062723c751e8b465ee728b)
Start importing Assets/Karting/Art/Models/BuildingMediumModel.fbx using Guid(ff205f5b9b7be4ff4b52365d65d4c8e3) Importer(815301076,1909f56bfc062723c751e8b465ee728b)  -> (artifact id: '4ed927882ee22928af7421a53c14a122') in 0.035262 seconds 
  Import took 0.042958 seconds .

========================================================================
Received Import Request.
  Time since last request: 0.000280 seconds.
  path: Assets/Karting/Art/Models/Building04WallBarWindow.fbx
  artifactKey: Guid(ac00f20c6d5bd584e9999b1195b74bc4) Importer(815301076,1909f56bfc062723c751e8b465ee728b)
Start importing Assets/Karting/Art/Models/Building04WallBarWindow.fbx using Guid(ac00f20c6d5bd584e9999b1195b74bc4) Importer(815301076,1909f56bfc062723c751e8b465ee728b)  -> (artifact id: 'ec1ec8ac1b3c8d41f03f3b5a0d0fe777') in 0.027945 seconds 
  Import took 0.036747 seconds .

========================================================================
Received Import Request.
  Time since last request: 0.000294 seconds.
  path: Assets/Karting/Art/Models/BuildingRoofDoor.fbx
  artifactKey: Guid(48f14f1a2f8d5bd43bf543aeb9752ff6) Importer(815301076,1909f56bfc062723c751e8b465ee728b)
Start importing Assets/Karting/Art/Models/BuildingRoofDoor.fbx using Guid(48f14f1a2f8d5bd43bf543aeb9752ff6) Importer(815301076,1909f56bfc062723c751e8b465ee728b)  -> (artifact id: '51a466ff048af0a6a56515c9d107d6f9') in 0.028487 seconds 
  Import took 0.035925 seconds .

========================================================================
Received Import Request.
  Time since last request: 0.000371 seconds.
  path: Assets/Karting/Art/Models/Building01WallPlain.fbx
  artifactKey: Guid(ca9914f098c088e4a879c7fd31109c95) Importer(815301076,1909f56bfc062723c751e8b465ee728b)
Start importing Assets/Karting/Art/Models/Building01WallPlain.fbx using Guid(ca9914f098c088e4a879c7fd31109c95) Importer(815301076,1909f56bfc062723c751e8b465ee728b)  -> (artifact id: '197a41916819dd5f482ef2a10eeb7513') in 0.018588 seconds 
  Import took 0.030297 seconds .

========================================================================
Received Import Request.
  Time since last request: 0.000305 seconds.
  path: Assets/Karting/Art/Models/BuildingRoofCentral.fbx
  artifactKey: Guid(0a64fcbabe32dac42b6b77115813e42d) Importer(815301076,1909f56bfc062723c751e8b465ee728b)
Start importing Assets/Karting/Art/Models/BuildingRoofCentral.fbx using Guid(0a64fcbabe32dac42b6b77115813e42d) Importer(815301076,1909f56bfc062723c751e8b465ee728b)  -> (artifact id: '576889b0a6ad382d205fa8d7cc0d1819') in 0.018004 seconds 
  Import took 0.028263 seconds .

========================================================================
Received Import Request.
  Time since last request: 0.000377 seconds.
  path: Assets/Karting/Art/Models/BuildingShortModel.fbx
  artifactKey: Guid(c2c0d74b41b8c4077b14073abca6504f) Importer(815301076,1909f56bfc062723c751e8b465ee728b)
Start importing Assets/Karting/Art/Models/BuildingShortModel.fbx using Guid(c2c0d74b41b8c4077b14073abca6504f) Importer(815301076,1909f56bfc062723c751e8b465ee728b)  -> (artifact id: '757bc1a4b320f65e6a7713678c43dfed') in 0.034630 seconds 
  Import took 0.047027 seconds .

========================================================================
Received Import Request.
  Time since last request: 0.000335 seconds.
  path: Assets/Karting/Art/Models/Building01CornerPlain.fbx
  artifactKey: Guid(ee73619a09d1dc54ca72cdbc2a1d3c58) Importer(815301076,1909f56bfc062723c751e8b465ee728b)
Start importing Assets/Karting/Art/Models/Building01CornerPlain.fbx using Guid(ee73619a09d1dc54ca72cdbc2a1d3c58) Importer(815301076,1909f56bfc062723c751e8b465ee728b)  -> (artifact id: 'da3ebafe45c392b61f62577fe8f3b195') in 0.028703 seconds 
  Import took 0.037418 seconds .

========================================================================
Received Import Request.
  Time since last request: 0.000339 seconds.
  path: Assets/Karting/Art/Models/BuildingTallModel.fbx
  artifactKey: Guid(adb35abc445884745af48dba2016ddea) Importer(815301076,1909f56bfc062723c751e8b465ee728b)
Start importing Assets/Karting/Art/Models/BuildingTallModel.fbx using Guid(adb35abc445884745af48dba2016ddea) Importer(815301076,1909f56bfc062723c751e8b465ee728b)  -> (artifact id: '5e3471dd9af2f643d9d0cf713f6bd097') in 0.044026 seconds 
  Import took 0.049208 seconds .

========================================================================
Received Import Request.
  Time since last request: 0.000369 seconds.
  path: Assets/Karting/Art/Models/Building04CornerBarWindow.fbx
  artifactKey: Guid(15e65acc49c1d194f9a661fcbd8f8edf) Importer(815301076,1909f56bfc062723c751e8b465ee728b)
Start importing Assets/Karting/Art/Models/Building04CornerBarWindow.fbx using Guid(15e65acc49c1d194f9a661fcbd8f8edf) Importer(815301076,1909f56bfc062723c751e8b465ee728b)  -> (artifact id: '4b6fa3bcfe04a145ddc81301c33dc98a') in 0.020547 seconds 
  Import took 0.028484 seconds .

========================================================================
Received Import Request.
  Time since last request: 0.000327 seconds.
  path: Assets/Karting/Art/Models/Building02CornerBricks.fbx
  artifactKey: Guid(91cfa91e879ed5e42ac5a4f865fc05d7) Importer(815301076,1909f56bfc062723c751e8b465ee728b)
Start importing Assets/Karting/Art/Models/Building02CornerBricks.fbx using Guid(91cfa91e879ed5e42ac5a4f865fc05d7) Importer(815301076,1909f56bfc062723c751e8b465ee728b)  -> (artifact id: 'c0ffebefa99e9287f8692713ae7e2b0f') in 0.032525 seconds 
  Import took 0.041753 seconds .

========================================================================
Received Import Request.
  Time since last request: 0.001002 seconds.
  path: Assets/Karting/Art/Models/Building01WallDoor.fbx
  artifactKey: Guid(8d4337d55efa65a4d8107eead99ff7b7) Importer(815301076,1909f56bfc062723c751e8b465ee728b)
Start importing Assets/Karting/Art/Models/Building01WallDoor.fbx using Guid(8d4337d55efa65a4d8107eead99ff7b7) Importer(815301076,1909f56bfc062723c751e8b465ee728b)  -> (artifact id: 'aeaca71f7d9069414ded0d37e5f8bf89') in 0.035701 seconds 
  Import took 0.045404 seconds .

========================================================================
Received Import Request.
  Time since last request: 0.844436 seconds.
  path: Assets/Karting/Art/Models/BuildingThinModel.fbx
  artifactKey: Guid(4d5adf1f338cc40bf8ed376a09b0ac1c) Importer(815301076,1909f56bfc062723c751e8b465ee728b)
Start importing Assets/Karting/Art/Models/BuildingThinModel.fbx using Guid(4d5adf1f338cc40bf8ed376a09b0ac1c) Importer(815301076,1909f56bfc062723c751e8b465ee728b)  -> (artifact id: '4977ca6dbff992c8cef17e1c0bb21cee') in 0.032153 seconds 
  Import took 0.037728 seconds .

========================================================================
Received Import Request.
  Time since last request: 0.000270 seconds.
  path: Assets/Karting/Art/Models/CheckpointRing.fbx
  artifactKey: Guid(84a7b40117d0ef4459d027ff7e7a1cc5) Importer(815301076,1909f56bfc062723c751e8b465ee728b)
Start importing Assets/Karting/Art/Models/CheckpointRing.fbx using Guid(84a7b40117d0ef4459d027ff7e7a1cc5) Importer(815301076,1909f56bfc062723c751e8b465ee728b)  -> (artifact id: '31d827104104334bb4aed01892c5beed') in 0.042565 seconds 
  Import took 0.048565 seconds .

========================================================================
Received Import Request.
  Time since last request: 0.000255 seconds.
  path: Assets/Karting/Art/Models/GroundPlane.fbx
  artifactKey: Guid(21fe29e73ae4cc842b0d5e9ca6e345f9) Importer(815301076,1909f56bfc062723c751e8b465ee728b)
Start importing Assets/Karting/Art/Models/GroundPlane.fbx using Guid(21fe29e73ae4cc842b0d5e9ca6e345f9) Importer(815301076,1909f56bfc062723c751e8b465ee728b)  -> (artifact id: 'f2ff8eb67f2a22b032e94e8550e0c427') in 0.021547 seconds 
  Import took 0.028999 seconds .

========================================================================
Received Import Request.
  Time since last request: 0.000480 seconds.
  path: Assets/Karting/Art/Models/ramp.fbx
  artifactKey: Guid(ea11a61298b6fe94bb5d1f868dafa69a) Importer(815301076,1909f56bfc062723c751e8b465ee728b)
Start importing Assets/Karting/Art/Models/ramp.fbx using Guid(ea11a61298b6fe94bb5d1f868dafa69a) Importer(815301076,1909f56bfc062723c751e8b465ee728b)  -> (artifact id: 'd728269db32e269784754ea96d148ed3') in 0.026209 seconds 
  Import took 0.033353 seconds .

========================================================================
Received Import Request.
  Time since last request: 0.000263 seconds.
  path: Assets/Karting/Art/Models/Player.FBX
  artifactKey: Guid(6efe54ae207d7bb46a4adca3c0143126) Importer(815301076,1909f56bfc062723c751e8b465ee728b)
Start importing Assets/Karting/Art/Models/Player.FBX using Guid(6efe54ae207d7bb46a4adca3c0143126) Importer(815301076,1909f56bfc062723c751e8b465ee728b)  -> (artifact id: '55591ad48bd2735281f23e745f164195') in 0.034468 seconds 
  Import took 0.040429 seconds .

========================================================================
Received Import Request.
  Time since last request: 0.000237 seconds.
  path: Assets/Karting/Art/Models/Pipe.fbx
  artifactKey: Guid(4a17d942f49fa4e49ae899122b72e91d) Importer(815301076,1909f56bfc062723c751e8b465ee728b)
Start importing Assets/Karting/Art/Models/Pipe.fbx using Guid(4a17d942f49fa4e49ae899122b72e91d) Importer(815301076,1909f56bfc062723c751e8b465ee728b)  -> (artifact id: '3439f0d63c50d97a09d22e6abbe5e7ef') in 0.021824 seconds 
  Import took 0.029192 seconds .

========================================================================
Received Import Request.
  Time since last request: 0.000292 seconds.
  path: Assets/Karting/Art/Models/Horizon.FBX
  artifactKey: Guid(18f9f64257e02ef41831fe2f867cb118) Importer(815301076,1909f56bfc062723c751e8b465ee728b)
Start importing Assets/Karting/Art/Models/Horizon.FBX using Guid(18f9f64257e02ef41831fe2f867cb118) Importer(815301076,1909f56bfc062723c751e8b465ee728b)  -> (artifact id: 'ae617704aff76c1e328a27fb795d614d') in 0.020189 seconds 
  Import took 0.026613 seconds .

========================================================================
Received Import Request.
  Time since last request: 0.000312 seconds.
  path: Assets/Karting/Art/Models/Mesh_Sun.fbx
  artifactKey: Guid(d16b83a71cf8a44c497e10545a79767f) Importer(815301076,1909f56bfc062723c751e8b465ee728b)
Start importing Assets/Karting/Art/Models/Mesh_Sun.fbx using Guid(d16b83a71cf8a44c497e10545a79767f) Importer(815301076,1909f56bfc062723c751e8b465ee728b)  -> (artifact id: '7b319554f585f7663ac36c7e41d21819') in 0.058391 seconds 
  Import took 0.065810 seconds .

========================================================================
Received Import Request.
  Time since last request: 0.000407 seconds.
  path: Assets/Karting/Art/Models/Cloud.FBX
  artifactKey: Guid(0829d76c4806eb54b8b2f17eec10f4e6) Importer(815301076,1909f56bfc062723c751e8b465ee728b)
Start importing Assets/Karting/Art/Models/Cloud.FBX using Guid(0829d76c4806eb54b8b2f17eec10f4e6) Importer(815301076,1909f56bfc062723c751e8b465ee728b)  -> (artifact id: 'b0d6490c93f49c05042d9386dcdcf9e4') in 0.018374 seconds 
  Import took 0.025810 seconds .

========================================================================
Received Import Request.
  Time since last request: 0.000288 seconds.
  path: Assets/Karting/Art/Models/StartFinishLine.fbx
  artifactKey: Guid(b974c5c08f684144a8c03f16eb4ad6b1) Importer(815301076,1909f56bfc062723c751e8b465ee728b)
Start importing Assets/Karting/Art/Models/StartFinishLine.fbx using Guid(b974c5c08f684144a8c03f16eb4ad6b1) Importer(815301076,1909f56bfc062723c751e8b465ee728b)  -> (artifact id: '8b038380eb0ae0d7d90fd6e3ecaa40f3') in 0.019614 seconds 
  Import took 0.026179 seconds .

========================================================================
Received Import Request.
  Time since last request: 0.000252 seconds.
  path: Assets/Karting/Art/Models/Hill.fbx
  artifactKey: Guid(92bb9994204d1d44cb6223c53e4f84f8) Importer(815301076,1909f56bfc062723c751e8b465ee728b)
Start importing Assets/Karting/Art/Models/Hill.fbx using Guid(92bb9994204d1d44cb6223c53e4f84f8) Importer(815301076,1909f56bfc062723c751e8b465ee728b)  -> (artifact id: 'bc56608e887a43896f8bdbfbee754104') in 0.042463 seconds 
  Import took 0.048707 seconds .

========================================================================
Received Import Request.
  Time since last request: 0.086819 seconds.
  path: Assets/Karting/Art/Models/StoneFlat.fbx
  artifactKey: Guid(c80f31023dcf9b34cbd0044505be4806) Importer(815301076,1909f56bfc062723c751e8b465ee728b)
Start importing Assets/Karting/Art/Models/StoneFlat.fbx using Guid(c80f31023dcf9b34cbd0044505be4806) Importer(815301076,1909f56bfc062723c751e8b465ee728b)  -> (artifact id: '04a55177472e631d35306295cf224bd8') in 0.023035 seconds 
  Import took 0.029473 seconds .

========================================================================
Received Import Request.
  Time since last request: 0.000220 seconds.
  path: Assets/Karting/Art/Models/TrackCurveMedium.fbx
  artifactKey: Guid(cf8b46f3b71641b42b2e8cf974e9c644) Importer(815301076,1909f56bfc062723c751e8b465ee728b)
Start importing Assets/Karting/Art/Models/TrackCurveMedium.fbx using Guid(cf8b46f3b71641b42b2e8cf974e9c644) Importer(815301076,1909f56bfc062723c751e8b465ee728b)  -> (artifact id: '175c80f46c947943e0ac375df054c536') in 0.053112 seconds 
  Import took 0.058928 seconds .

========================================================================
Received Import Request.
  Time since last request: 0.000332 seconds.
  path: Assets/Karting/Art/Models/TrackCurveBig.fbx
  artifactKey: Guid(ea8028981c410bd43a9a7467f73c6591) Importer(815301076,1909f56bfc062723c751e8b465ee728b)
Start importing Assets/Karting/Art/Models/TrackCurveBig.fbx using Guid(ea8028981c410bd43a9a7467f73c6591) Importer(815301076,1909f56bfc062723c751e8b465ee728b)  -> (artifact id: '74f75eefab65d013bd9f9f52b3be2ea5') in 0.043700 seconds 
  Import took 0.052181 seconds .

========================================================================
Received Import Request.
  Time since last request: 0.000395 seconds.
  path: Assets/Karting/Art/Models/TrackCamberCurve.fbx
  artifactKey: Guid(3a78ab987181dc945be82cdb21028861) Importer(815301076,1909f56bfc062723c751e8b465ee728b)
Start importing Assets/Karting/Art/Models/TrackCamberCurve.fbx using Guid(3a78ab987181dc945be82cdb21028861) Importer(815301076,1909f56bfc062723c751e8b465ee728b)  -> (artifact id: '580c55030dd8b2d856bc94a5c53a0271') in 0.078766 seconds 
  Import took 0.086359 seconds .

========================================================================
Received Import Request.
  Time since last request: 0.000416 seconds.
  path: Assets/Karting/Art/Models/TrackCurveBigMeshColliderGround.fbx
  artifactKey: Guid(e7dd2bb6af3d71e419b224eeb9a39dd5) Importer(815301076,1909f56bfc062723c751e8b465ee728b)
Start importing Assets/Karting/Art/Models/TrackCurveBigMeshColliderGround.fbx using Guid(e7dd2bb6af3d71e419b224eeb9a39dd5) Importer(815301076,1909f56bfc062723c751e8b465ee728b)  -> (artifact id: 'b5bc36a8d679ceaf6d74d4fd4f0a4bc5') in 0.053829 seconds 
  Import took 0.062392 seconds .

========================================================================
Received Import Request.
  Time since last request: 0.000287 seconds.
  path: Assets/Karting/Art/Models/TrackCamberMeshColliderWalls.fbx
  artifactKey: Guid(f5a44503c018d324580820af937c9987) Importer(815301076,1909f56bfc062723c751e8b465ee728b)
Start importing Assets/Karting/Art/Models/TrackCamberMeshColliderWalls.fbx using Guid(f5a44503c018d324580820af937c9987) Importer(815301076,1909f56bfc062723c751e8b465ee728b)  -> (artifact id: '9586fac11672b9818fc0e4ea3162982b') in 0.032494 seconds 
  Import took 0.038009 seconds .

========================================================================
Received Import Request.
  Time since last request: 0.000363 seconds.
  path: Assets/Karting/Art/Models/TrackCamberCurveMeshColliderWalls.fbx
  artifactKey: Guid(7d98a46148b6a8843ac25d814f897473) Importer(815301076,1909f56bfc062723c751e8b465ee728b)
Start importing Assets/Karting/Art/Models/TrackCamberCurveMeshColliderWalls.fbx using Guid(7d98a46148b6a8843ac25d814f897473) Importer(815301076,1909f56bfc062723c751e8b465ee728b)  -> (artifact id: '86ded683820f2f6c5f33620b69d8657c') in 0.054435 seconds 
  Import took 0.062701 seconds .

========================================================================
Received Import Request.
  Time since last request: 0.000303 seconds.
  path: Assets/Karting/Art/Models/TrackCurveBigMeshColliderWalls.fbx
  artifactKey: Guid(844655fa88a548c4badc07cc3d5c09e8) Importer(815301076,1909f56bfc062723c751e8b465ee728b)
Start importing Assets/Karting/Art/Models/TrackCurveBigMeshColliderWalls.fbx using Guid(844655fa88a548c4badc07cc3d5c09e8) Importer(815301076,1909f56bfc062723c751e8b465ee728b)  -> (artifact id: '3c7adf108bb5a06596861ddf8dcbc5fd') in 0.032898 seconds 
  Import took 0.038976 seconds .

========================================================================
Received Import Request.
  Time since last request: 0.000283 seconds.
  path: Assets/Karting/Art/Models/TrackCamberMeshColliderGround.fbx
  artifactKey: Guid(74fd08689db02b94a8cac89c8bb7f35c) Importer(815301076,1909f56bfc062723c751e8b465ee728b)
Start importing Assets/Karting/Art/Models/TrackCamberMeshColliderGround.fbx using Guid(74fd08689db02b94a8cac89c8bb7f35c) Importer(815301076,1909f56bfc062723c751e8b465ee728b)  -> (artifact id: 'd1f07886deb39330349c9954e90afccd') in 0.023594 seconds 
  Import took 0.031090 seconds .

========================================================================
Received Import Request.
  Time since last request: 0.000262 seconds.
  path: Assets/Karting/Art/Models/TrackCamber.fbx
  artifactKey: Guid(127b92ea3636da5478d4347afe2fb698) Importer(815301076,1909f56bfc062723c751e8b465ee728b)
Start importing Assets/Karting/Art/Models/TrackCamber.fbx using Guid(127b92ea3636da5478d4347afe2fb698) Importer(815301076,1909f56bfc062723c751e8b465ee728b)  -> (artifact id: 'e41bc0d64c919bd362273327b7fa1319') in 0.049633 seconds 
  Import took 0.055660 seconds .

========================================================================
Received Import Request.
  Time since last request: 0.000252 seconds.
  path: Assets/Karting/Art/Models/TrackStraightShort.fbx
  artifactKey: Guid(c536be666f60a094ca84fdea79a89adb) Importer(815301076,1909f56bfc062723c751e8b465ee728b)
Start importing Assets/Karting/Art/Models/TrackStraightShort.fbx using Guid(c536be666f60a094ca84fdea79a89adb) Importer(815301076,1909f56bfc062723c751e8b465ee728b)  -> (artifact id: '6f44cf06c2ff7ad5c476ce6d8eb55e3e') in 0.070522 seconds 
  Import took 0.076456 seconds .

========================================================================
Received Import Request.
  Time since last request: 0.000341 seconds.
  path: Assets/Karting/Art/Models/TrackCurveMediumMeshColliderWalls.fbx
  artifactKey: Guid(9d5b4d3ee36fe2248b8f8178ea494662) Importer(815301076,1909f56bfc062723c751e8b465ee728b)
Start importing Assets/Karting/Art/Models/TrackCurveMediumMeshColliderWalls.fbx using Guid(9d5b4d3ee36fe2248b8f8178ea494662) Importer(815301076,1909f56bfc062723c751e8b465ee728b)  -> (artifact id: '56d29683573b99b468a75d1daa31d60c') in 0.028642 seconds 
  Import took 0.037494 seconds .

========================================================================
Received Import Request.
  Time since last request: 0.000345 seconds.
  path: Assets/Karting/Art/Models/TrackStraightShortMeshColliderGround.fbx
  artifactKey: Guid(c26a2ada60c256142a8586788911a9ce) Importer(815301076,1909f56bfc062723c751e8b465ee728b)
Start importing Assets/Karting/Art/Models/TrackStraightShortMeshColliderGround.fbx using Guid(c26a2ada60c256142a8586788911a9ce) Importer(815301076,1909f56bfc062723c751e8b465ee728b)  -> (artifact id: 'cbeb2f4bbd4c8bbfe998b551158a4669') in 0.027697 seconds 
  Import took 0.034079 seconds .

========================================================================
Received Import Request.
  Time since last request: 0.000431 seconds.
  path: Assets/Karting/Art/Models/TrackToCamber.fbx
  artifactKey: Guid(d64d45aad01a61a419213469c5e6094b) Importer(815301076,1909f56bfc062723c751e8b465ee728b)
Start importing Assets/Karting/Art/Models/TrackToCamber.fbx using Guid(d64d45aad01a61a419213469c5e6094b) Importer(815301076,1909f56bfc062723c751e8b465ee728b)  -> (artifact id: 'f8482b1731133e5e568339e1d190d721') in 0.055526 seconds 
  Import took 0.063897 seconds .

========================================================================
Received Import Request.
  Time since last request: 0.000247 seconds.
  path: Assets/Karting/Art/Models/TrackCurveMediumMeshColliderGround.fbx
  artifactKey: Guid(4dab2a37e1d72794cbd731aacb7847dd) Importer(815301076,1909f56bfc062723c751e8b465ee728b)
Start importing Assets/Karting/Art/Models/TrackCurveMediumMeshColliderGround.fbx using Guid(4dab2a37e1d72794cbd731aacb7847dd) Importer(815301076,1909f56bfc062723c751e8b465ee728b)  -> (artifact id: 'fb428d31c346f1fa7a25012bd71226b2') in 0.028155 seconds 
  Import took 0.034397 seconds .

========================================================================
Received Import Request.
  Time since last request: 0.000318 seconds.
  path: Assets/Karting/Art/Models/TrackStraightShortMeshColliderWalls.fbx
  artifactKey: Guid(71fb4b36fc973904c8f15d164c0e48ae) Importer(815301076,1909f56bfc062723c751e8b465ee728b)
Start importing Assets/Karting/Art/Models/TrackStraightShortMeshColliderWalls.fbx using Guid(71fb4b36fc973904c8f15d164c0e48ae) Importer(815301076,1909f56bfc062723c751e8b465ee728b)  -> (artifact id: 'bda08186ef5638a8fde3862282296f20') in 0.044555 seconds 
  Import took 0.051433 seconds .

========================================================================
Received Import Request.
  Time since last request: 0.000354 seconds.
  path: Assets/Karting/Art/Models/TrackCurveSmallMeshColliderGround.fbx
  artifactKey: Guid(7a12252bdee88de449f5e72aa3547da4) Importer(815301076,1909f56bfc062723c751e8b465ee728b)
Start importing Assets/Karting/Art/Models/TrackCurveSmallMeshColliderGround.fbx using Guid(7a12252bdee88de449f5e72aa3547da4) Importer(815301076,1909f56bfc062723c751e8b465ee728b)  -> (artifact id: 'bbdc0a7ff97e2e7d354a390610efd3c0') in 0.040352 seconds 
  Import took 0.048088 seconds .

========================================================================
Received Import Request.
  Time since last request: 0.000271 seconds.
  path: Assets/Karting/Art/Models/TrackCamberCurveMeshColliderGround.fbx
  artifactKey: Guid(120e82693d1e13644a7f5b990e783b01) Importer(815301076,1909f56bfc062723c751e8b465ee728b)
Start importing Assets/Karting/Art/Models/TrackCamberCurveMeshColliderGround.fbx using Guid(120e82693d1e13644a7f5b990e783b01) Importer(815301076,1909f56bfc062723c751e8b465ee728b)  -> (artifact id: '9a1a25cb41dcbfe493c1d0c8506c4e38') in 0.041888 seconds 
  Import took 0.049081 seconds .

========================================================================
Received Import Request.
  Time since last request: 0.000230 seconds.
  path: Assets/Karting/Art/Models/TrackCurveSmall.fbx
  artifactKey: Guid(6aba5d5cbbb6df346ba45c2991fcaf00) Importer(815301076,1909f56bfc062723c751e8b465ee728b)
Start importing Assets/Karting/Art/Models/TrackCurveSmall.fbx using Guid(6aba5d5cbbb6df346ba45c2991fcaf00) Importer(815301076,1909f56bfc062723c751e8b465ee728b)  -> (artifact id: '737dd055f573703af5e8e7125d9e7303') in 0.047432 seconds 
  Import took 0.053322 seconds .

========================================================================
Received Import Request.
  Time since last request: 0.000270 seconds.
  path: Assets/Karting/Art/Models/StoneRound.fbx
  artifactKey: Guid(5e6dd9e33a8a1c748a582c8565e5f95f) Importer(815301076,1909f56bfc062723c751e8b465ee728b)
Start importing Assets/Karting/Art/Models/StoneRound.fbx using Guid(5e6dd9e33a8a1c748a582c8565e5f95f) Importer(815301076,1909f56bfc062723c751e8b465ee728b)  -> (artifact id: '7512c9daf2b2231a0777f1497134022a') in 0.016707 seconds 
  Import took 0.023147 seconds .

========================================================================
Received Import Request.
  Time since last request: 0.000194 seconds.
  path: Assets/Karting/Art/Models/TrackCurveSmallMeshColliderWalls.fbx
  artifactKey: Guid(c9da9a4eb5561534cb8d191a9e1d31da) Importer(815301076,1909f56bfc062723c751e8b465ee728b)
Start importing Assets/Karting/Art/Models/TrackCurveSmallMeshColliderWalls.fbx using Guid(c9da9a4eb5561534cb8d191a9e1d31da) Importer(815301076,1909f56bfc062723c751e8b465ee728b)  -> (artifact id: '63c955ab4121a2d55be0f600c7b26533') in 0.031376 seconds 
  Import took 0.036736 seconds .

========================================================================
Received Import Request.
  Time since last request: 6.196200 seconds.
  path: Assets/Karting/Art/Models/TrackToCamberMeshColliderGround.fbx
  artifactKey: Guid(ee53d570b8e99754889811c75e57f688) Importer(815301076,1909f56bfc062723c751e8b465ee728b)
Start importing Assets/Karting/Art/Models/TrackToCamberMeshColliderGround.fbx using Guid(ee53d570b8e99754889811c75e57f688) Importer(815301076,1909f56bfc062723c751e8b465ee728b)  -> (artifact id: 'a97538de8da85a16dbd930678ad2fef7') in 0.028312 seconds 
  Import took 0.034028 seconds .

========================================================================
Received Import Request.
  Time since last request: 0.000244 seconds.
  path: Assets/Karting/Art/Models/TrackToCamberMeshColliderWalls.fbx
  artifactKey: Guid(caf6e7e523c6b9a44896f63539e75677) Importer(815301076,1909f56bfc062723c751e8b465ee728b)
Start importing Assets/Karting/Art/Models/TrackToCamberMeshColliderWalls.fbx using Guid(caf6e7e523c6b9a44896f63539e75677) Importer(815301076,1909f56bfc062723c751e8b465ee728b)  -> (artifact id: '69a3f7ad7d4a21944f5fa802b0c10e49') in 0.039184 seconds 
  Import took 0.045193 seconds .

========================================================================
Received Import Request.
  Time since last request: 0.000220 seconds.
  path: Assets/Karting/Art/Models/TreeBox.fbx
  artifactKey: Guid(9f1e50f73a529a448b004add5bec5d80) Importer(815301076,1909f56bfc062723c751e8b465ee728b)
Start importing Assets/Karting/Art/Models/TreeBox.fbx using Guid(9f1e50f73a529a448b004add5bec5d80) Importer(815301076,1909f56bfc062723c751e8b465ee728b)  -> (artifact id: '350253303a4f45aa1bf07c5c4c87e398') in 0.028880 seconds 
  Import took 0.034550 seconds .

========================================================================
Received Import Request.
  Time since last request: 751.006968 seconds.
  path: Assets/Karting/Art/Models/TreeRound.FBX
  artifactKey: Guid(dca6189290e8c16479a364fa6d80b6b8) Importer(815301076,1909f56bfc062723c751e8b465ee728b)
Start importing Assets/Karting/Art/Models/TreeRound.FBX using Guid(dca6189290e8c16479a364fa6d80b6b8) Importer(815301076,1909f56bfc062723c751e8b465ee728b)  -> (artifact id: '53b200dbd3796d2e3d2b54e54c44375f') in 0.026959 seconds 
  Import took 0.034066 seconds .

========================================================================
Received Prepare
Registering precompiled user dll's ...
Registered in 0.005449 seconds.
Begin MonoManager ReloadAssembly
Native extension for OSXStandalone target not found
Refreshing native plugins compatible for Editor in 0.69 ms, found 3 plugins.
Preloading 0 native plugins for Editor in 0.00 ms.
2022-01-14 18:50:13.542 Unity[41605:3109433] NSEventModifierFlagFunction specified to -setKeyEquivalentModifierMask: for item <NSMenuItem: 0x600002125b20 Font Asset, ke='Command-F12'>, but is only supported for system-provided menu items; will not be used
Mono: successfully reloaded assembly
- Completed reload, in  1.778 seconds
Domain Reload Profiling:
	ReloadAssembly (1779ms)
		BeginReloadAssembly (136ms)
			ExecutionOrderSort (0ms)
			DisableScriptedObjects (4ms)
			BackupInstance (0ms)
			ReleaseScriptingObjects (0ms)
			CreateAndSetChildDomain (57ms)
		EndReloadAssembly (1570ms)
			LoadAssemblies (92ms)
			RebuildTransferFunctionScriptingTraits (0ms)
			SetupTypeCache (445ms)
			ReleaseScriptCaches (1ms)
			RebuildScriptCaches (67ms)
			SetupLoadedEditorAssemblies (762ms)
				LogAssemblyErrors (0ms)
				InitializePlatformSupportModulesInManaged (5ms)
				SetLoadedEditorAssemblies (1ms)
				RefreshPlugins (1ms)
				BeforeProcessingInitializeOnLoad (187ms)
				ProcessInitializeOnLoadAttributes (552ms)
				ProcessInitializeOnLoadMethodAttributes (15ms)
				AfterProcessingInitializeOnLoad (2ms)
				EditorAssembliesLoaded (0ms)
			ExecutionOrderSort2 (0ms)
			AwakeInstancesAfterBackupRestoration (13ms)
Platform modules already initialized, skipping
Refreshing native plugins compatible for Editor in 1.53 ms, found 3 plugins.
Preloading 0 native plugins for Editor in 0.00 ms.
Unloading 2840 Unused Serialized files (Serialized files now loaded: 0)
System memory in use before: 306.6 MB.
System memory in use after: 303.0 MB.

Unloading 73 unused Assets to reduce memory usage. Loaded Objects now: 3352.
Total: 11.075913 ms (FindLiveObjects: 0.430567 ms CreateObjectMapping: 0.285157 ms MarkObjects: 5.722086 ms  DeleteObjects: 4.636439 ms)

AssetImportParameters requested are different than current active one (requested -> active):
  custom:video-decoder-ogg-theora: a1e56fd34408186e4bbccfd4996cb3dc -> 
  custom:container-muxer-webm: aa71ff27fc2769a1b78a27578f13a17b -> 
  custom:container-demuxer-webm: 4f35f7cbe854078d1ac9338744f61a02 -> 
  custom:container-demuxer-ogg: 62fdf1f143b41e24485cea50d1cbac27 -> 
  custom:video-encoder-webm-vp8: eb34c28f22e8b96e1ab97ce403110664 -> 
  custom:framework-osx-AVFoundation: e770b220cccbd017edd2c1fefb359320 -> 
  custom:video-decoder-webm-vp8: 9c59270c3fd7afecdb556c50c9e8de78 -> 
  custom:audio-decoder-ogg-vorbis: bf7c407c2cedff20999df2af8eb42d56 -> 
  custom:audio-encoder-webm-vorbis: bf7c407c2cedff20999df2af8eb42d56 -> 
========================================================================
Received Prepare
Registering precompiled user dll's ...
Registered in 0.005074 seconds.
Begin MonoManager ReloadAssembly
Native extension for OSXStandalone target not found
Refreshing native plugins compatible for Editor in 0.69 ms, found 3 plugins.
Preloading 0 native plugins for Editor in 0.00 ms.
2022-01-14 19:02:34.206 Unity[41605:3109433] NSEventModifierFlagFunction specified to -setKeyEquivalentModifierMask: for item <NSMenuItem: 0x6000021ece70 Font Asset, ke='Command-F12'>, but is only supported for system-provided menu items; will not be used
Mono: successfully reloaded assembly
- Completed reload, in  1.467 seconds
Domain Reload Profiling:
	ReloadAssembly (1468ms)
		BeginReloadAssembly (142ms)
			ExecutionOrderSort (0ms)
			DisableScriptedObjects (5ms)
			BackupInstance (0ms)
			ReleaseScriptingObjects (0ms)
			CreateAndSetChildDomain (57ms)
		EndReloadAssembly (1261ms)
			LoadAssemblies (88ms)
			RebuildTransferFunctionScriptingTraits (0ms)
			SetupTypeCache (432ms)
			ReleaseScriptCaches (1ms)
			RebuildScriptCaches (59ms)
			SetupLoadedEditorAssemblies (517ms)
				LogAssemblyErrors (0ms)
				InitializePlatformSupportModulesInManaged (5ms)
				SetLoadedEditorAssemblies (1ms)
				RefreshPlugins (1ms)
				BeforeProcessingInitializeOnLoad (135ms)
				ProcessInitializeOnLoadAttributes (364ms)
				ProcessInitializeOnLoadMethodAttributes (10ms)
				AfterProcessingInitializeOnLoad (1ms)
				EditorAssembliesLoaded (0ms)
			ExecutionOrderSort2 (0ms)
			AwakeInstancesAfterBackupRestoration (16ms)
Platform modules already initialized, skipping
Refreshing native plugins compatible for Editor in 0.65 ms, found 3 plugins.
Preloading 0 native plugins for Editor in 0.00 ms.
Unloading 2835 Unused Serialized files (Serialized files now loaded: 0)
System memory in use before: 307.3 MB.
System memory in use after: 303.7 MB.

Unloading 70 unused Assets to reduce memory usage. Loaded Objects now: 3366.
Total: 7.307326 ms (FindLiveObjects: 0.273284 ms CreateObjectMapping: 0.158460 ms MarkObjects: 4.053851 ms  DeleteObjects: 2.820661 ms)

AssetImportParameters requested are different than current active one (requested -> active):
  custom:video-decoder-ogg-theora: a1e56fd34408186e4bbccfd4996cb3dc -> 
  custom:container-muxer-webm: aa71ff27fc2769a1b78a27578f13a17b -> 
  custom:container-demuxer-webm: 4f35f7cbe854078d1ac9338744f61a02 -> 
  custom:container-demuxer-ogg: 62fdf1f143b41e24485cea50d1cbac27 -> 
  custom:video-encoder-webm-vp8: eb34c28f22e8b96e1ab97ce403110664 -> 
  custom:framework-osx-AVFoundation: e770b220cccbd017edd2c1fefb359320 -> 
  custom:video-decoder-webm-vp8: 9c59270c3fd7afecdb556c50c9e8de78 -> 
  custom:audio-decoder-ogg-vorbis: bf7c407c2cedff20999df2af8eb42d56 -> 
  custom:audio-encoder-webm-vorbis: bf7c407c2cedff20999df2af8eb42d56 -> 
========================================================================
Received Prepare
Registering precompiled user dll's ...
Registered in 0.006655 seconds.
Begin MonoManager ReloadAssembly
Native extension for OSXStandalone target not found
Refreshing native plugins compatible for Editor in 0.80 ms, found 3 plugins.
Preloading 0 native plugins for Editor in 0.00 ms.
2022-01-14 22:27:04.625 Unity[41605:3109433] NSEventModifierFlagFunction specified to -setKeyEquivalentModifierMask: for item <NSMenuItem: 0x600002107bf0 Font Asset, ke='Command-F12'>, but is only supported for system-provided menu items; will not be used
Mono: successfully reloaded assembly
- Completed reload, in  1.722 seconds
Domain Reload Profiling:
	ReloadAssembly (1723ms)
		BeginReloadAssembly (151ms)
			ExecutionOrderSort (0ms)
			DisableScriptedObjects (5ms)
			BackupInstance (0ms)
			ReleaseScriptingObjects (0ms)
			CreateAndSetChildDomain (67ms)
		EndReloadAssembly (1492ms)
			LoadAssemblies (100ms)
			RebuildTransferFunctionScriptingTraits (0ms)
			SetupTypeCache (520ms)
			ReleaseScriptCaches (1ms)
			RebuildScriptCaches (75ms)
			SetupLoadedEditorAssemblies (605ms)
				LogAssemblyErrors (0ms)
				InitializePlatformSupportModulesInManaged (5ms)
				SetLoadedEditorAssemblies (1ms)
				RefreshPlugins (1ms)
				BeforeProcessingInitializeOnLoad (165ms)
				ProcessInitializeOnLoadAttributes (419ms)
				ProcessInitializeOnLoadMethodAttributes (12ms)
				AfterProcessingInitializeOnLoad (2ms)
				EditorAssembliesLoaded (0ms)
			ExecutionOrderSort2 (0ms)
			AwakeInstancesAfterBackupRestoration (22ms)
Platform modules already initialized, skipping
Refreshing native plugins compatible for Editor in 0.74 ms, found 3 plugins.
Preloading 0 native plugins for Editor in 0.00 ms.
Unloading 2835 Unused Serialized files (Serialized files now loaded: 0)
System memory in use before: 307.5 MB.
System memory in use after: 304.0 MB.

Unloading 70 unused Assets to reduce memory usage. Loaded Objects now: 3380.
Total: 6.732831 ms (FindLiveObjects: 0.311175 ms CreateObjectMapping: 0.186130 ms MarkObjects: 3.808202 ms  DeleteObjects: 2.426316 ms)

AssetImportParameters requested are different than current active one (requested -> active):
  custom:video-decoder-ogg-theora: a1e56fd34408186e4bbccfd4996cb3dc -> 
  custom:container-muxer-webm: aa71ff27fc2769a1b78a27578f13a17b -> 
  custom:container-demuxer-webm: 4f35f7cbe854078d1ac9338744f61a02 -> 
  custom:container-demuxer-ogg: 62fdf1f143b41e24485cea50d1cbac27 -> 
  custom:video-encoder-webm-vp8: eb34c28f22e8b96e1ab97ce403110664 -> 
  custom:framework-osx-AVFoundation: e770b220cccbd017edd2c1fefb359320 -> 
  custom:video-decoder-webm-vp8: 9c59270c3fd7afecdb556c50c9e8de78 -> 
  custom:audio-decoder-ogg-vorbis: bf7c407c2cedff20999df2af8eb42d56 -> 
  custom:audio-encoder-webm-vorbis: bf7c407c2cedff20999df2af8eb42d56 -> 
AssetImportWorkerClient::OnTransportError - code=2 error=End of file
